<?xml version="1.0" encoding="UTF-8"?>
<!-- Generated by org.testng.reporters.JUnitReportReporter -->
<testsuite hostname="LAPTOP-P4CMC1PQ" failures="0" tests="1" name="TestCases.TC_Login" time="3.297" errors="0" timestamp="23 Aug 2023 06:38:23 GMT" skipped="0">
  <testcase classname="TestCases.TC_Login" name="login" time="3.297"/>
</testsuite> <!-- TestCases.TC_Login -->
